<?xml version="1.0" encoding="utf-8"?>
<?AutomationStudio Version="4.5.2.102"?>
<Objects>
  <Object
    Path="C:\Users\admin\Desktop\KRBO-02-22\lb2\LrBr2\Logical\Package.pkg"
    LogicalPath=""
    Type="Package.ParentUnknown"
    LastWriteTime="131485706740000000" />
  <Object
    Path="C:\Users\admin\Desktop\KRBO-02-22\lb2\LrBr2\Logical\Global.typ"
    LogicalPath="Global.typ"
    Type="File"
    LastWriteTime="131200402240000000"
    Private="false" />
  <Object
    Path="C:\Users\admin\Desktop\KRBO-02-22\lb2\LrBr2\Logical\Global.var"
    LogicalPath="Global.var"
    Type="File"
    LastWriteTime="131485707380000000"
    Private="false" />
  <Object
    Path="C:\Users\admin\Desktop\KRBO-02-22\lb2\LrBr2\Logical\Libraries\Package.pkg"
    LogicalPath="Libraries"
    Type="Package"
    LastWriteTime="131485706580000000" />
  <Object
    Path="C:\Users\admin\Desktop\KRBO-02-22\lb2\LrBr2\Logical\Libraries\Runtime\Binary.lby"
    LogicalPath="Libraries.Runtime"
    Type="Library"
    LastWriteTime="131091583340000000" />
  <Object
    Path="C:\Users\admin\Desktop\KRBO-02-22\lb2\LrBr2\Logical\Libraries\Runtime\runtime.fun"
    LogicalPath="Libraries.Runtime.runtime.fun"
    Type="File"
    LastWriteTime="131091583340000000"
    Private="false" />
  <Object
    Path="C:\Users\admin\Desktop\KRBO-02-22\lb2\LrBr2\Logical\Libraries\Runtime\runtime.typ"
    LogicalPath="Libraries.Runtime.runtime.typ"
    Type="File"
    LastWriteTime="131091583340000000"
    Private="false" />
  <Object
    Path="C:\Users\admin\Desktop\KRBO-02-22\lb2\LrBr2\Logical\Libraries\Runtime\runtime.var"
    LogicalPath="Libraries.Runtime.runtime.var"
    Type="File"
    LastWriteTime="131091583340000000"
    Private="false" />
  <Object
    Path="C:\Users\admin\Desktop\KRBO-02-22\lb2\LrBr2\Logical\Libraries\Operator\Binary.lby"
    LogicalPath="Libraries.Operator"
    Type="Library"
    LastWriteTime="131091583340000000" />
  <Object
    Path="C:\Users\admin\Desktop\KRBO-02-22\lb2\LrBr2\Logical\Libraries\Operator\operator.fun"
    LogicalPath="Libraries.Operator.operator.fun"
    Type="File"
    LastWriteTime="131091583340000000"
    Private="false" />
  <Object
    Path="C:\Users\admin\Desktop\KRBO-02-22\lb2\LrBr2\Logical\Libraries\Operator\operator.typ"
    LogicalPath="Libraries.Operator.operator.typ"
    Type="File"
    LastWriteTime="131091583340000000"
    Private="false" />
  <Object
    Path="C:\Users\admin\Desktop\KRBO-02-22\lb2\LrBr2\Logical\Libraries\Operator\operator.var"
    LogicalPath="Libraries.Operator.operator.var"
    Type="File"
    LastWriteTime="131091583340000000"
    Private="false" />
  <Object
    Path="C:\Users\admin\Desktop\KRBO-02-22\lb2\LrBr2\Logical\Libraries\AsIecCon\Binary.lby"
    LogicalPath="Libraries.AsIecCon"
    Type="Library"
    LastWriteTime="131091583340000000" />
  <Object
    Path="C:\Users\admin\Desktop\KRBO-02-22\lb2\LrBr2\Logical\Libraries\AsIecCon\AsIecCon.fun"
    LogicalPath="Libraries.AsIecCon.AsIecCon.fun"
    Type="File"
    LastWriteTime="131091583340000000"
    Private="false" />
  <Object
    Path="C:\Users\admin\Desktop\KRBO-02-22\lb2\LrBr2\Logical\Libraries\AsIecCon\AsIecCon.typ"
    LogicalPath="Libraries.AsIecCon.AsIecCon.typ"
    Type="File"
    LastWriteTime="131091583340000000"
    Private="false" />
  <Object
    Path="C:\Users\admin\Desktop\KRBO-02-22\lb2\LrBr2\Logical\Libraries\AsIecCon\AsIecCon.var"
    LogicalPath="Libraries.AsIecCon.AsIecCon.var"
    Type="File"
    LastWriteTime="131091583340000000"
    Private="false" />
  <Object
    Path="C:\Users\admin\Desktop\KRBO-02-22\lb2\LrBr2\Logical\Libraries\astime\Binary.lby"
    LogicalPath="Libraries.astime"
    Type="Library"
    LastWriteTime="131091583340000000" />
  <Object
    Path="C:\Users\admin\Desktop\KRBO-02-22\lb2\LrBr2\Logical\Libraries\astime\astime.fun"
    LogicalPath="Libraries.astime.astime.fun"
    Type="File"
    LastWriteTime="131091583340000000"
    Private="false" />
  <Object
    Path="C:\Users\admin\Desktop\KRBO-02-22\lb2\LrBr2\Logical\Libraries\astime\astime.typ"
    LogicalPath="Libraries.astime.astime.typ"
    Type="File"
    LastWriteTime="131091583340000000"
    Private="false" />
  <Object
    Path="C:\Users\admin\Desktop\KRBO-02-22\lb2\LrBr2\Logical\Libraries\astime\astime.var"
    LogicalPath="Libraries.astime.astime.var"
    Type="File"
    LastWriteTime="131091583340000000"
    Private="false" />
  <Object
    Path="C:\Users\admin\Desktop\KRBO-02-22\lb2\LrBr2\Logical\Libraries\sys_lib\Binary.lby"
    LogicalPath="Libraries.sys_lib"
    Type="Library"
    LastWriteTime="131194348100000000" />
  <Object
    Path="C:\Users\admin\Desktop\KRBO-02-22\lb2\LrBr2\Logical\Libraries\sys_lib\sys_lib.fun"
    LogicalPath="Libraries.sys_lib.sys_lib.fun"
    Type="File"
    LastWriteTime="131194348100000000"
    Private="false" />
  <Object
    Path="C:\Users\admin\Desktop\KRBO-02-22\lb2\LrBr2\Logical\Libraries\sys_lib\sys_lib.typ"
    LogicalPath="Libraries.sys_lib.sys_lib.typ"
    Type="File"
    LastWriteTime="131194348100000000"
    Private="false" />
  <Object
    Path="C:\Users\admin\Desktop\KRBO-02-22\lb2\LrBr2\Logical\Libraries\sys_lib\sys_lib.var"
    LogicalPath="Libraries.sys_lib.sys_lib.var"
    Type="File"
    LastWriteTime="131194348100000000"
    Private="false" />
  <Object
    Path="C:\Users\admin\Desktop\KRBO-02-22\lb2\LrBr2\Logical\Libraries\asstring\Binary.lby"
    LogicalPath="Libraries.asstring"
    Type="Library"
    LastWriteTime="131194348160000000" />
  <Object
    Path="C:\Users\admin\Desktop\KRBO-02-22\lb2\LrBr2\Logical\Libraries\asstring\asstring.fun"
    LogicalPath="Libraries.asstring.asstring.fun"
    Type="File"
    LastWriteTime="131194348160000000"
    Private="false" />
  <Object
    Path="C:\Users\admin\Desktop\KRBO-02-22\lb2\LrBr2\Logical\Libraries\asstring\asstring.typ"
    LogicalPath="Libraries.asstring.asstring.typ"
    Type="File"
    LastWriteTime="131194348160000000"
    Private="false" />
  <Object
    Path="C:\Users\admin\Desktop\KRBO-02-22\lb2\LrBr2\Logical\Libraries\asstring\asstring.var"
    LogicalPath="Libraries.asstring.asstring.var"
    Type="File"
    LastWriteTime="131194348160000000"
    Private="false" />
  <Object
    Path="C:\Users\admin\Desktop\KRBO-02-22\lb2\LrBr2\Physical\SampleText\Config.pkg"
    LogicalPath="SampleText"
    Type="Configuration.ParentUnknown"
    LastWriteTime="131194339020000000" />
  <Object
    Path="C:\Users\admin\Desktop\KRBO-02-22\lb2\LrBr2\Physical\SampleText\Hardware.hw"
    LogicalPath="SampleText.Hardware.hw"
    Type="File"
    LastWriteTime="134031097148558294"
    Private="false" />
  <Object
    Path="C:\Users\admin\Desktop\KRBO-02-22\lb2\LrBr2\Physical\SampleText\Hardware.hwl"
    LogicalPath="SampleText.Hardware.hwl"
    Type="File"
    LastWriteTime="134031093758278284"
    Private="false" />
  <Object
    Path="C:\Users\admin\Desktop\KRBO-02-22\lb2\LrBr2\Physical\SampleText\4PP065_0571_P74\Cpu.pkg"
    LogicalPath="SampleText.4PP065_0571_P74"
    Type="Cpu"
    LastWriteTime="134031099724336613" />
  <Object
    Path="C:\Users\admin\Desktop\KRBO-02-22\lb2\LrBr2\Physical\SampleText\4PP065_0571_P74\Cpu.sw"
    LogicalPath="SampleText.4PP065_0571_P74.Cpu.sw"
    Type="File"
    LastWriteTime="134031096205056898"
    Private="false" />
  <Object
    Path="C:\Users\admin\Desktop\KRBO-02-22\lb2\LrBr2\Physical\SampleText\4PP065_0571_P74\Cpu.per"
    LogicalPath="SampleText.4PP065_0571_P74.Cpu.per"
    Type="File"
    LastWriteTime="131194339000000000"
    Private="false" />
  <Object
    Path="C:\Users\admin\Desktop\KRBO-02-22\lb2\LrBr2\Physical\SampleText\4PP065_0571_P74\IoMap.iom"
    LogicalPath="SampleText.4PP065_0571_P74.IoMap.iom"
    Type="File"
    LastWriteTime="131485707220000000"
    Private="false" />
  <Object
    Path="C:\Users\admin\Desktop\KRBO-02-22\lb2\LrBr2\Physical\SampleText\4PP065_0571_P74\PvMap.vvm"
    LogicalPath="SampleText.4PP065_0571_P74.PvMap.vvm"
    Type="File"
    LastWriteTime="131194339000000000"
    Private="false" />
  <Object
    Path="C:\Users\admin\Desktop\KRBO-02-22\lb2\LrBr2\Physical\SampleText\4PP065_0571_P74\mapp\Package.pkg"
    LogicalPath="SampleText.4PP065_0571_P74.mapp"
    Type="Package"
    LastWriteTime="131194339000000000" />
  <Object
    Path="C:\Users\admin\Desktop\KRBO-02-22\lb2\LrBr2\Physical\SampleText\4PP065_0571_P74\Connectivity\Package.pkg"
    LogicalPath="SampleText.4PP065_0571_P74.Connectivity"
    Type="Package"
    LastWriteTime="131194339000000000" />
  <Object
    Path="C:\Users\admin\Desktop\KRBO-02-22\lb2\LrBr2\Physical\SampleText\4PP065_0571_P74\Connectivity\OpcUA\Package.pkg"
    LogicalPath="SampleText.4PP065_0571_P74.Connectivity.OpcUA"
    Type="Package"
    LastWriteTime="131194339000000000" />
  <Object
    Path="C:\Users\admin\Desktop\KRBO-02-22\lb2\LrBr2\Physical\SampleText\4PP065_0571_P74\TextSystem\Package.pkg"
    LogicalPath="SampleText.4PP065_0571_P74.TextSystem"
    Type="Package"
    LastWriteTime="131194339000000000" />
  <Object
    Path="C:\Users\admin\Desktop\KRBO-02-22\lb2\LrBr2\Physical\SampleText\4PP065_0571_P74\AccessAndSecurity\Package.pkg"
    LogicalPath="SampleText.4PP065_0571_P74.AccessAndSecurity"
    Type="Package"
    LastWriteTime="131194339000000000" />
  <Object
    Path="C:\Users\admin\Desktop\KRBO-02-22\lb2\LrBr2\Physical\SampleText\4PP065_0571_P74\AccessAndSecurity\UserRoleSystem\Package.pkg"
    LogicalPath="SampleText.4PP065_0571_P74.AccessAndSecurity.UserRoleSystem"
    Type="Package"
    LastWriteTime="131194339000000000" />
  <Object
    Path="C:\Users\admin\Desktop\KRBO-02-22\lb2\LrBr2\Physical\SampleText\4PP065_0571_P74\AccessAndSecurity\UserRoleSystem\Role.role"
    LogicalPath="SampleText.4PP065_0571_P74.AccessAndSecurity.UserRoleSystem.Role.role"
    Type="File"
    LastWriteTime="131194339000000000"
    Private="false" />
  <Object
    Path="C:\Users\admin\Desktop\KRBO-02-22\lb2\LrBr2\Physical\SampleText\4PP065_0571_P74\AccessAndSecurity\UserRoleSystem\User.user"
    LogicalPath="SampleText.4PP065_0571_P74.AccessAndSecurity.UserRoleSystem.User.user"
    Type="File"
    LastWriteTime="131194339000000000"
    Private="false" />
  <Object
    Path="C:\Users\admin\Desktop\KRBO-02-22\lb2\LrBr2\Physical\SampleText\4PP065_0571_P74\AccessAndSecurity\CertificateStore\Package.pkg"
    LogicalPath="SampleText.4PP065_0571_P74.AccessAndSecurity.CertificateStore"
    Type="Package"
    LastWriteTime="131194339000000000" />
  <Object
    Path="C:\Users\admin\Desktop\KRBO-02-22\lb2\LrBr2\Physical\SampleText\4PP065_0571_P74\AccessAndSecurity\CertificateStore\OwnCertificates\Package.pkg"
    LogicalPath="SampleText.4PP065_0571_P74.AccessAndSecurity.CertificateStore.OwnCertificates"
    Type="Package"
    LastWriteTime="131194339000000000" />
  <Object
    Path="C:\Users\admin\Desktop\KRBO-02-22\lb2\LrBr2\Physical\SampleText\4PP065_0571_P74\AccessAndSecurity\CertificateStore\OwnCertificates\Certificates\Package.pkg"
    LogicalPath="SampleText.4PP065_0571_P74.AccessAndSecurity.CertificateStore.OwnCertificates.Certificates"
    Type="Package"
    LastWriteTime="131194339000000000" />
  <Object
    Path="C:\Users\admin\Desktop\KRBO-02-22\lb2\LrBr2\Physical\SampleText\4PP065_0571_P74\AccessAndSecurity\CertificateStore\OwnCertificates\PrivateKeys\Package.pkg"
    LogicalPath="SampleText.4PP065_0571_P74.AccessAndSecurity.CertificateStore.OwnCertificates.PrivateKeys"
    Type="Package"
    LastWriteTime="131194339000000000" />
  <Object
    Path="C:\Users\admin\Desktop\KRBO-02-22\lb2\LrBr2\Physical\SampleText\4PP065_0571_P74\AccessAndSecurity\CertificateStore\ThirdPartyCertificates\Package.pkg"
    LogicalPath="SampleText.4PP065_0571_P74.AccessAndSecurity.CertificateStore.ThirdPartyCertificates"
    Type="Package"
    LastWriteTime="131194339000000000" />
  <Object
    Path="C:\Users\admin\Desktop\KRBO-02-22\lb2\LrBr2\Physical\SampleText\4PP065_0571_P74\AccessAndSecurity\CertificateStore\ThirdPartyCertificates\SoftwareCertificates\Package.pkg"
    LogicalPath="SampleText.4PP065_0571_P74.AccessAndSecurity.CertificateStore.ThirdPartyCertificates.SoftwareCertificates"
    Type="Package"
    LastWriteTime="131194339000000000" />
  <Object
    Path="C:\Users\admin\Desktop\KRBO-02-22\lb2\LrBr2\Physical\SampleText\4PP065_0571_P74\AccessAndSecurity\CertificateStore\CertificateRevocationLists\Package.pkg"
    LogicalPath="SampleText.4PP065_0571_P74.AccessAndSecurity.CertificateStore.CertificateRevocationLists"
    Type="Package"
    LastWriteTime="131194339000000000" />
  <Object
    Path="C:\Users\admin\Desktop\KRBO-02-22\lb2\LrBr2\Physical\SampleText\4PP065_0571_P74\AccessAndSecurity\CertificateStore\CertificateSigningRequests\Package.pkg"
    LogicalPath="SampleText.4PP065_0571_P74.AccessAndSecurity.CertificateStore.CertificateSigningRequests"
    Type="Package"
    LastWriteTime="131194339000000000" />
  <Object
    Path="C:\Users\admin\Desktop\KRBO-02-22\lb2\LrBr2\Physical\SampleText\4PP065_0571_P74\AccessAndSecurity\TransportLayerSecurity\Package.pkg"
    LogicalPath="SampleText.4PP065_0571_P74.AccessAndSecurity.TransportLayerSecurity"
    Type="Package"
    LastWriteTime="131194339000000000" />
  <Object
    Path="C:\Users\admin\Desktop\KRBO-02-22\lb2\LrBr2\Physical\SampleText\Hardware.jpg"
    LogicalPath="SampleText.Hardware.jpg"
    Type="File"
    LastWriteTime="134031099724027155"
    Private="false" />
</Objects>